{"C:\\Users\\nikof\\Desktop\\FERI\\RIRS\\RIRS_Actions_Ferk3\\backend\\app.js": {"path":"C:\\Users\\nikof\\Desktop\\FERI\\RIRS\\RIRS_Actions_Ferk3\\backend\\app.js","statementMap":{"0":{"start":{"line":1,"column":16},"end":{"line":1,"column":34}},"1":{"start":{"line":2,"column":13},"end":{"line":2,"column":28}},"2":{"start":{"line":3,"column":19},"end":{"line":3,"column":41}},"3":{"start":{"line":4,"column":20},"end":{"line":4,"column":45}},"4":{"start":{"line":5,"column":20},"end":{"line":5,"column":45}},"5":{"start":{"line":7,"column":13},"end":{"line":7,"column":37}},"6":{"start":{"line":9,"column":12},"end":{"line":9,"column":21}},"7":{"start":{"line":10,"column":0},"end":{"line":10,"column":16}},"8":{"start":{"line":12,"column":0},"end":{"line":12,"column":27}},"9":{"start":{"line":13,"column":0},"end":{"line":13,"column":31}},"10":{"start":{"line":14,"column":0},"end":{"line":14,"column":31}},"11":{"start":{"line":16,"column":0},"end":{"line":18,"column":3}},"12":{"start":{"line":17,"column":2},"end":{"line":17,"column":28}},"13":{"start":{"line":20,"column":0},"end":{"line":20,"column":21}},"14":{"start":{"line":22,"column":0},"end":{"line":26,"column":1}},"15":{"start":{"line":23,"column":2},"end":{"line":25,"column":4}},"16":{"start":{"line":24,"column":4},"end":{"line":24,"column":61}}},"fnMap":{"0":{"name":"(anonymous_0)","decl":{"start":{"line":16,"column":13},"end":{"line":16,"column":14}},"loc":{"start":{"line":16,"column":27},"end":{"line":18,"column":1}},"line":16},"1":{"name":"(anonymous_1)","decl":{"start":{"line":23,"column":19},"end":{"line":23,"column":20}},"loc":{"start":{"line":24,"column":4},"end":{"line":24,"column":61}},"line":24}},"branchMap":{"0":{"loc":{"start":{"line":7,"column":13},"end":{"line":7,"column":37}},"type":"binary-expr","locations":[{"start":{"line":7,"column":13},"end":{"line":7,"column":29}},{"start":{"line":7,"column":33},"end":{"line":7,"column":37}}],"line":7},"1":{"loc":{"start":{"line":22,"column":0},"end":{"line":26,"column":1}},"type":"if","locations":[{"start":{"line":22,"column":0},"end":{"line":26,"column":1}},{"start":{},"end":{}}],"line":22}},"s":{"0":1,"1":1,"2":1,"3":1,"4":1,"5":1,"6":1,"7":1,"8":1,"9":1,"10":1,"11":1,"12":1,"13":1,"14":1,"15":0,"16":0},"f":{"0":1,"1":0},"b":{"0":[1,1],"1":[0,1]},"_coverageSchema":"1a1c01bbd47fc00a2c39e90264f33305004495a9","hash":"3bd2de088b76ac5ba75a474f0fdff7444556b340"}
,"C:\\Users\\nikof\\Desktop\\FERI\\RIRS\\RIRS_Actions_Ferk3\\backend\\routes\\posts.js": {"path":"C:\\Users\\nikof\\Desktop\\FERI\\RIRS\\RIRS_Actions_Ferk3\\backend\\routes\\posts.js","statementMap":{"0":{"start":{"line":1,"column":16},"end":{"line":1,"column":34}},"1":{"start":{"line":2,"column":14},"end":{"line":2,"column":39}},"2":{"start":{"line":3,"column":15},"end":{"line":3,"column":31}},"3":{"start":{"line":5,"column":17},"end":{"line":10,"column":1}},"4":{"start":{"line":12,"column":0},"end":{"line":21,"column":3}},"5":{"start":{"line":13,"column":2},"end":{"line":20,"column":3}},"6":{"start":{"line":14,"column":23},"end":{"line":14,"column":61}},"7":{"start":{"line":15,"column":19},"end":{"line":15,"column":65}},"8":{"start":{"line":16,"column":4},"end":{"line":16,"column":19}},"9":{"start":{"line":18,"column":4},"end":{"line":18,"column":50}},"10":{"start":{"line":19,"column":4},"end":{"line":19,"column":61}},"11":{"start":{"line":23,"column":0},"end":{"line":35,"column":3}},"12":{"start":{"line":24,"column":2},"end":{"line":34,"column":3}},"13":{"start":{"line":25,"column":23},"end":{"line":25,"column":61}},"14":{"start":{"line":26,"column":19},"end":{"line":29,"column":5}},"15":{"start":{"line":30,"column":4},"end":{"line":30,"column":19}},"16":{"start":{"line":32,"column":4},"end":{"line":32,"column":50}},"17":{"start":{"line":33,"column":4},"end":{"line":33,"column":61}},"18":{"start":{"line":37,"column":0},"end":{"line":66,"column":3}},"19":{"start":{"line":38,"column":2},"end":{"line":65,"column":3}},"20":{"start":{"line":39,"column":4},"end":{"line":39,"column":33}},"21":{"start":{"line":40,"column":50},"end":{"line":40,"column":58}},"22":{"start":{"line":43,"column":4},"end":{"line":50,"column":5}},"23":{"start":{"line":44,"column":6},"end":{"line":44,"column":36}},"24":{"start":{"line":45,"column":6},"end":{"line":45,"column":35}},"25":{"start":{"line":46,"column":6},"end":{"line":46,"column":37}},"26":{"start":{"line":47,"column":6},"end":{"line":47,"column":53}},"27":{"start":{"line":48,"column":6},"end":{"line":48,"column":37}},"28":{"start":{"line":49,"column":6},"end":{"line":49,"column":72}},"29":{"start":{"line":52,"column":23},"end":{"line":52,"column":61}},"30":{"start":{"line":53,"column":21},"end":{"line":56,"column":5}},"31":{"start":{"line":57,"column":4},"end":{"line":59,"column":5}},"32":{"start":{"line":58,"column":6},"end":{"line":58,"column":63}},"33":{"start":{"line":61,"column":4},"end":{"line":61,"column":24}},"34":{"start":{"line":63,"column":4},"end":{"line":63,"column":50}},"35":{"start":{"line":64,"column":4},"end":{"line":64,"column":61}},"36":{"start":{"line":68,"column":0},"end":{"line":86,"column":3}},"37":{"start":{"line":69,"column":2},"end":{"line":85,"column":3}},"38":{"start":{"line":70,"column":23},"end":{"line":70,"column":61}},"39":{"start":{"line":71,"column":21},"end":{"line":74,"column":5}},"40":{"start":{"line":75,"column":4},"end":{"line":75,"column":27}},"41":{"start":{"line":77,"column":4},"end":{"line":79,"column":5}},"42":{"start":{"line":78,"column":6},"end":{"line":78,"column":63}},"43":{"start":{"line":81,"column":4},"end":{"line":81,"column":24}},"44":{"start":{"line":83,"column":4},"end":{"line":83,"column":49}},"45":{"start":{"line":84,"column":4},"end":{"line":84,"column":61}},"46":{"start":{"line":88,"column":0},"end":{"line":107,"column":3}},"47":{"start":{"line":89,"column":2},"end":{"line":106,"column":3}},"48":{"start":{"line":90,"column":29},"end":{"line":90,"column":37}},"49":{"start":{"line":91,"column":23},"end":{"line":91,"column":61}},"50":{"start":{"line":92,"column":4},"end":{"line":92,"column":34}},"51":{"start":{"line":93,"column":21},"end":{"line":96,"column":5}},"52":{"start":{"line":98,"column":4},"end":{"line":100,"column":5}},"53":{"start":{"line":99,"column":6},"end":{"line":99,"column":63}},"54":{"start":{"line":102,"column":4},"end":{"line":102,"column":24}},"55":{"start":{"line":104,"column":4},"end":{"line":104,"column":49}},"56":{"start":{"line":105,"column":4},"end":{"line":105,"column":61}},"57":{"start":{"line":109,"column":0},"end":{"line":109,"column":24}}},"fnMap":{"0":{"name":"(anonymous_0)","decl":{"start":{"line":12,"column":16},"end":{"line":12,"column":17}},"loc":{"start":{"line":12,"column":36},"end":{"line":21,"column":1}},"line":12},"1":{"name":"(anonymous_1)","decl":{"start":{"line":23,"column":21},"end":{"line":23,"column":22}},"loc":{"start":{"line":23,"column":41},"end":{"line":35,"column":1}},"line":23},"2":{"name":"(anonymous_2)","decl":{"start":{"line":37,"column":17},"end":{"line":37,"column":18}},"loc":{"start":{"line":37,"column":37},"end":{"line":66,"column":1}},"line":37},"3":{"name":"(anonymous_3)","decl":{"start":{"line":68,"column":24},"end":{"line":68,"column":25}},"loc":{"start":{"line":68,"column":44},"end":{"line":86,"column":1}},"line":68},"4":{"name":"(anonymous_4)","decl":{"start":{"line":88,"column":21},"end":{"line":88,"column":22}},"loc":{"start":{"line":88,"column":41},"end":{"line":107,"column":1}},"line":88}},"branchMap":{"0":{"loc":{"start":{"line":43,"column":4},"end":{"line":50,"column":5}},"type":"if","locations":[{"start":{"line":43,"column":4},"end":{"line":50,"column":5}},{"start":{},"end":{}}],"line":43},"1":{"loc":{"start":{"line":43,"column":8},"end":{"line":43,"column":51}},"type":"binary-expr","locations":[{"start":{"line":43,"column":8},"end":{"line":43,"column":13}},{"start":{"line":43,"column":17},"end":{"line":43,"column":23}},{"start":{"line":43,"column":27},"end":{"line":43,"column":41}},{"start":{"line":43,"column":45},"end":{"line":43,"column":51}}],"line":43},"2":{"loc":{"start":{"line":57,"column":4},"end":{"line":59,"column":5}},"type":"if","locations":[{"start":{"line":57,"column":4},"end":{"line":59,"column":5}},{"start":{},"end":{}}],"line":57},"3":{"loc":{"start":{"line":77,"column":4},"end":{"line":79,"column":5}},"type":"if","locations":[{"start":{"line":77,"column":4},"end":{"line":79,"column":5}},{"start":{},"end":{}}],"line":77},"4":{"loc":{"start":{"line":98,"column":4},"end":{"line":100,"column":5}},"type":"if","locations":[{"start":{"line":98,"column":4},"end":{"line":100,"column":5}},{"start":{},"end":{}}],"line":98}},"s":{"0":2,"1":2,"2":2,"3":2,"4":2,"5":1,"6":1,"7":1,"8":1,"9":0,"10":0,"11":2,"12":1,"13":1,"14":1,"15":1,"16":0,"17":0,"18":2,"19":2,"20":2,"21":2,"22":2,"23":1,"24":1,"25":1,"26":1,"27":1,"28":1,"29":1,"30":1,"31":1,"32":0,"33":1,"34":0,"35":0,"36":2,"37":2,"38":2,"39":2,"40":2,"41":2,"42":1,"43":1,"44":0,"45":0,"46":2,"47":2,"48":2,"49":2,"50":2,"51":2,"52":2,"53":1,"54":1,"55":0,"56":0,"57":2},"f":{"0":1,"1":1,"2":2,"3":2,"4":2},"b":{"0":[1,1],"1":[2,2,1,1],"2":[0,1],"3":[1,1],"4":[1,1]},"_coverageSchema":"1a1c01bbd47fc00a2c39e90264f33305004495a9","hash":"56e272dbf9ad31bce430acb13d79b4a0469f3901"}
,"C:\\Users\\nikof\\Desktop\\FERI\\RIRS\\RIRS_Actions_Ferk3\\backend\\routes\\users.js": {"path":"C:\\Users\\nikof\\Desktop\\FERI\\RIRS\\RIRS_Actions_Ferk3\\backend\\routes\\users.js","statementMap":{"0":{"start":{"line":1,"column":16},"end":{"line":1,"column":34}},"1":{"start":{"line":2,"column":14},"end":{"line":2,"column":39}},"2":{"start":{"line":3,"column":15},"end":{"line":3,"column":31}},"3":{"start":{"line":5,"column":17},"end":{"line":10,"column":1}},"4":{"start":{"line":12,"column":0},"end":{"line":21,"column":3}},"5":{"start":{"line":13,"column":2},"end":{"line":20,"column":3}},"6":{"start":{"line":14,"column":23},"end":{"line":14,"column":61}},"7":{"start":{"line":15,"column":19},"end":{"line":15,"column":65}},"8":{"start":{"line":16,"column":4},"end":{"line":16,"column":19}},"9":{"start":{"line":18,"column":4},"end":{"line":18,"column":49}},"10":{"start":{"line":19,"column":4},"end":{"line":19,"column":61}},"11":{"start":{"line":23,"column":0},"end":{"line":36,"column":3}},"12":{"start":{"line":24,"column":33},"end":{"line":24,"column":41}},"13":{"start":{"line":25,"column":21},"end":{"line":25,"column":59}},"14":{"start":{"line":26,"column":17},"end":{"line":29,"column":3}},"15":{"start":{"line":31,"column":2},"end":{"line":35,"column":3}},"16":{"start":{"line":32,"column":4},"end":{"line":32,"column":32}},"17":{"start":{"line":34,"column":4},"end":{"line":34,"column":48}},"18":{"start":{"line":38,"column":0},"end":{"line":38,"column":24}}},"fnMap":{"0":{"name":"(anonymous_0)","decl":{"start":{"line":12,"column":16},"end":{"line":12,"column":17}},"loc":{"start":{"line":12,"column":36},"end":{"line":21,"column":1}},"line":12},"1":{"name":"(anonymous_1)","decl":{"start":{"line":23,"column":22},"end":{"line":23,"column":23}},"loc":{"start":{"line":23,"column":42},"end":{"line":36,"column":1}},"line":23}},"branchMap":{"0":{"loc":{"start":{"line":31,"column":2},"end":{"line":35,"column":3}},"type":"if","locations":[{"start":{"line":31,"column":2},"end":{"line":35,"column":3}},{"start":{"line":33,"column":9},"end":{"line":35,"column":3}}],"line":31}},"s":{"0":2,"1":2,"2":2,"3":2,"4":2,"5":1,"6":1,"7":1,"8":1,"9":0,"10":0,"11":2,"12":0,"13":0,"14":0,"15":0,"16":0,"17":0,"18":2},"f":{"0":1,"1":0},"b":{"0":[0,0]},"_coverageSchema":"1a1c01bbd47fc00a2c39e90264f33305004495a9","hash":"c3e5bd9a186318f14831b7988308c2edf0811c83"}
}
