{"C:\\Users\\nikof\\Desktop\\FERI\\RIRS\\RIRS_Actions_Ferk3\\backend\\app.js": {"path":"C:\\Users\\nikof\\Desktop\\FERI\\RIRS\\RIRS_Actions_Ferk3\\backend\\app.js","statementMap":{"0":{"start":{"line":1,"column":16},"end":{"line":1,"column":34}},"1":{"start":{"line":2,"column":13},"end":{"line":2,"column":28}},"2":{"start":{"line":3,"column":19},"end":{"line":3,"column":41}},"3":{"start":{"line":4,"column":20},"end":{"line":4,"column":45}},"4":{"start":{"line":5,"column":20},"end":{"line":5,"column":45}},"5":{"start":{"line":7,"column":13},"end":{"line":7,"column":37}},"6":{"start":{"line":9,"column":12},"end":{"line":9,"column":21}},"7":{"start":{"line":10,"column":0},"end":{"line":10,"column":16}},"8":{"start":{"line":12,"column":0},"end":{"line":12,"column":27}},"9":{"start":{"line":13,"column":0},"end":{"line":13,"column":31}},"10":{"start":{"line":14,"column":0},"end":{"line":14,"column":31}},"11":{"start":{"line":16,"column":0},"end":{"line":18,"column":3}},"12":{"start":{"line":17,"column":2},"end":{"line":17,"column":28}},"13":{"start":{"line":20,"column":0},"end":{"line":20,"column":21}},"14":{"start":{"line":22,"column":0},"end":{"line":26,"column":1}},"15":{"start":{"line":23,"column":2},"end":{"line":25,"column":4}},"16":{"start":{"line":24,"column":4},"end":{"line":24,"column":61}}},"fnMap":{"0":{"name":"(anonymous_0)","decl":{"start":{"line":16,"column":13},"end":{"line":16,"column":14}},"loc":{"start":{"line":16,"column":27},"end":{"line":18,"column":1}},"line":16},"1":{"name":"(anonymous_1)","decl":{"start":{"line":23,"column":19},"end":{"line":23,"column":20}},"loc":{"start":{"line":24,"column":4},"end":{"line":24,"column":61}},"line":24}},"branchMap":{"0":{"loc":{"start":{"line":7,"column":13},"end":{"line":7,"column":37}},"type":"binary-expr","locations":[{"start":{"line":7,"column":13},"end":{"line":7,"column":29}},{"start":{"line":7,"column":33},"end":{"line":7,"column":37}}],"line":7},"1":{"loc":{"start":{"line":22,"column":0},"end":{"line":26,"column":1}},"type":"if","locations":[{"start":{"line":22,"column":0},"end":{"line":26,"column":1}},{"start":{},"end":{}}],"line":22}},"s":{"0":1,"1":1,"2":1,"3":1,"4":1,"5":1,"6":1,"7":1,"8":1,"9":1,"10":1,"11":1,"12":1,"13":1,"14":1,"15":0,"16":0},"f":{"0":1,"1":0},"b":{"0":[1,1],"1":[0,1]},"_coverageSchema":"1a1c01bbd47fc00a2c39e90264f33305004495a9","hash":"3bd2de088b76ac5ba75a474f0fdff7444556b340"}
,"C:\\Users\\nikof\\Desktop\\FERI\\RIRS\\RIRS_Actions_Ferk3\\backend\\routes\\posts.js": {"path":"C:\\Users\\nikof\\Desktop\\FERI\\RIRS\\RIRS_Actions_Ferk3\\backend\\routes\\posts.js","statementMap":{"0":{"start":{"line":1,"column":16},"end":{"line":1,"column":34}},"1":{"start":{"line":2,"column":14},"end":{"line":2,"column":39}},"2":{"start":{"line":3,"column":15},"end":{"line":3,"column":31}},"3":{"start":{"line":5,"column":17},"end":{"line":10,"column":1}},"4":{"start":{"line":12,"column":0},"end":{"line":21,"column":3}},"5":{"start":{"line":13,"column":2},"end":{"line":20,"column":3}},"6":{"start":{"line":14,"column":23},"end":{"line":14,"column":61}},"7":{"start":{"line":15,"column":19},"end":{"line":15,"column":65}},"8":{"start":{"line":16,"column":4},"end":{"line":16,"column":19}},"9":{"start":{"line":18,"column":4},"end":{"line":18,"column":50}},"10":{"start":{"line":19,"column":4},"end":{"line":19,"column":61}},"11":{"start":{"line":23,"column":0},"end":{"line":35,"column":3}},"12":{"start":{"line":24,"column":2},"end":{"line":34,"column":3}},"13":{"start":{"line":25,"column":23},"end":{"line":25,"column":61}},"14":{"start":{"line":26,"column":19},"end":{"line":29,"column":5}},"15":{"start":{"line":30,"column":4},"end":{"line":30,"column":19}},"16":{"start":{"line":32,"column":4},"end":{"line":32,"column":50}},"17":{"start":{"line":33,"column":4},"end":{"line":33,"column":61}},"18":{"start":{"line":37,"column":0},"end":{"line":60,"column":3}},"19":{"start":{"line":38,"column":2},"end":{"line":59,"column":3}},"20":{"start":{"line":39,"column":50},"end":{"line":39,"column":58}},"21":{"start":{"line":42,"column":4},"end":{"line":44,"column":5}},"22":{"start":{"line":43,"column":6},"end":{"line":43,"column":72}},"23":{"start":{"line":46,"column":23},"end":{"line":46,"column":61}},"24":{"start":{"line":47,"column":21},"end":{"line":50,"column":5}},"25":{"start":{"line":51,"column":4},"end":{"line":53,"column":5}},"26":{"start":{"line":52,"column":6},"end":{"line":52,"column":63}},"27":{"start":{"line":55,"column":4},"end":{"line":55,"column":24}},"28":{"start":{"line":57,"column":4},"end":{"line":57,"column":50}},"29":{"start":{"line":58,"column":4},"end":{"line":58,"column":61}},"30":{"start":{"line":62,"column":0},"end":{"line":80,"column":3}},"31":{"start":{"line":63,"column":2},"end":{"line":79,"column":3}},"32":{"start":{"line":64,"column":23},"end":{"line":64,"column":61}},"33":{"start":{"line":65,"column":21},"end":{"line":68,"column":5}},"34":{"start":{"line":69,"column":4},"end":{"line":69,"column":27}},"35":{"start":{"line":71,"column":4},"end":{"line":73,"column":5}},"36":{"start":{"line":72,"column":6},"end":{"line":72,"column":63}},"37":{"start":{"line":75,"column":4},"end":{"line":75,"column":24}},"38":{"start":{"line":77,"column":4},"end":{"line":77,"column":49}},"39":{"start":{"line":78,"column":4},"end":{"line":78,"column":61}},"40":{"start":{"line":82,"column":0},"end":{"line":101,"column":3}},"41":{"start":{"line":83,"column":2},"end":{"line":100,"column":3}},"42":{"start":{"line":84,"column":29},"end":{"line":84,"column":37}},"43":{"start":{"line":85,"column":23},"end":{"line":85,"column":61}},"44":{"start":{"line":86,"column":4},"end":{"line":86,"column":34}},"45":{"start":{"line":87,"column":21},"end":{"line":90,"column":5}},"46":{"start":{"line":92,"column":4},"end":{"line":94,"column":5}},"47":{"start":{"line":93,"column":6},"end":{"line":93,"column":63}},"48":{"start":{"line":96,"column":4},"end":{"line":96,"column":24}},"49":{"start":{"line":98,"column":4},"end":{"line":98,"column":49}},"50":{"start":{"line":99,"column":4},"end":{"line":99,"column":61}},"51":{"start":{"line":103,"column":0},"end":{"line":103,"column":24}}},"fnMap":{"0":{"name":"(anonymous_0)","decl":{"start":{"line":12,"column":16},"end":{"line":12,"column":17}},"loc":{"start":{"line":12,"column":36},"end":{"line":21,"column":1}},"line":12},"1":{"name":"(anonymous_1)","decl":{"start":{"line":23,"column":21},"end":{"line":23,"column":22}},"loc":{"start":{"line":23,"column":41},"end":{"line":35,"column":1}},"line":23},"2":{"name":"(anonymous_2)","decl":{"start":{"line":37,"column":17},"end":{"line":37,"column":18}},"loc":{"start":{"line":37,"column":37},"end":{"line":60,"column":1}},"line":37},"3":{"name":"(anonymous_3)","decl":{"start":{"line":62,"column":24},"end":{"line":62,"column":25}},"loc":{"start":{"line":62,"column":44},"end":{"line":80,"column":1}},"line":62},"4":{"name":"(anonymous_4)","decl":{"start":{"line":82,"column":21},"end":{"line":82,"column":22}},"loc":{"start":{"line":82,"column":41},"end":{"line":101,"column":1}},"line":82}},"branchMap":{"0":{"loc":{"start":{"line":42,"column":4},"end":{"line":44,"column":5}},"type":"if","locations":[{"start":{"line":42,"column":4},"end":{"line":44,"column":5}},{"start":{},"end":{}}],"line":42},"1":{"loc":{"start":{"line":42,"column":8},"end":{"line":42,"column":51}},"type":"binary-expr","locations":[{"start":{"line":42,"column":8},"end":{"line":42,"column":13}},{"start":{"line":42,"column":17},"end":{"line":42,"column":23}},{"start":{"line":42,"column":27},"end":{"line":42,"column":41}},{"start":{"line":42,"column":45},"end":{"line":42,"column":51}}],"line":42},"2":{"loc":{"start":{"line":51,"column":4},"end":{"line":53,"column":5}},"type":"if","locations":[{"start":{"line":51,"column":4},"end":{"line":53,"column":5}},{"start":{},"end":{}}],"line":51},"3":{"loc":{"start":{"line":71,"column":4},"end":{"line":73,"column":5}},"type":"if","locations":[{"start":{"line":71,"column":4},"end":{"line":73,"column":5}},{"start":{},"end":{}}],"line":71},"4":{"loc":{"start":{"line":92,"column":4},"end":{"line":94,"column":5}},"type":"if","locations":[{"start":{"line":92,"column":4},"end":{"line":94,"column":5}},{"start":{},"end":{}}],"line":92}},"s":{"0":2,"1":2,"2":2,"3":2,"4":2,"5":1,"6":1,"7":1,"8":1,"9":0,"10":0,"11":2,"12":1,"13":1,"14":1,"15":1,"16":0,"17":0,"18":2,"19":2,"20":2,"21":2,"22":1,"23":1,"24":1,"25":1,"26":0,"27":1,"28":0,"29":0,"30":2,"31":2,"32":2,"33":2,"34":2,"35":2,"36":1,"37":1,"38":0,"39":0,"40":2,"41":2,"42":2,"43":2,"44":2,"45":2,"46":2,"47":1,"48":1,"49":0,"50":0,"51":2},"f":{"0":1,"1":1,"2":2,"3":2,"4":2},"b":{"0":[1,1],"1":[2,2,1,1],"2":[0,1],"3":[1,1],"4":[1,1]},"_coverageSchema":"1a1c01bbd47fc00a2c39e90264f33305004495a9","hash":"48b219d303de05300de2bef2baf739040d632f2a"}
,"C:\\Users\\nikof\\Desktop\\FERI\\RIRS\\RIRS_Actions_Ferk3\\backend\\routes\\users.js": {"path":"C:\\Users\\nikof\\Desktop\\FERI\\RIRS\\RIRS_Actions_Ferk3\\backend\\routes\\users.js","statementMap":{"0":{"start":{"line":1,"column":16},"end":{"line":1,"column":34}},"1":{"start":{"line":2,"column":14},"end":{"line":2,"column":39}},"2":{"start":{"line":3,"column":15},"end":{"line":3,"column":31}},"3":{"start":{"line":5,"column":17},"end":{"line":10,"column":1}},"4":{"start":{"line":12,"column":0},"end":{"line":21,"column":3}},"5":{"start":{"line":13,"column":2},"end":{"line":20,"column":3}},"6":{"start":{"line":14,"column":23},"end":{"line":14,"column":61}},"7":{"start":{"line":15,"column":19},"end":{"line":15,"column":65}},"8":{"start":{"line":16,"column":4},"end":{"line":16,"column":19}},"9":{"start":{"line":18,"column":4},"end":{"line":18,"column":49}},"10":{"start":{"line":19,"column":4},"end":{"line":19,"column":61}},"11":{"start":{"line":23,"column":0},"end":{"line":36,"column":3}},"12":{"start":{"line":24,"column":33},"end":{"line":24,"column":41}},"13":{"start":{"line":25,"column":21},"end":{"line":25,"column":59}},"14":{"start":{"line":26,"column":17},"end":{"line":29,"column":3}},"15":{"start":{"line":31,"column":2},"end":{"line":35,"column":3}},"16":{"start":{"line":32,"column":4},"end":{"line":32,"column":32}},"17":{"start":{"line":34,"column":4},"end":{"line":34,"column":48}},"18":{"start":{"line":38,"column":0},"end":{"line":38,"column":24}}},"fnMap":{"0":{"name":"(anonymous_0)","decl":{"start":{"line":12,"column":16},"end":{"line":12,"column":17}},"loc":{"start":{"line":12,"column":36},"end":{"line":21,"column":1}},"line":12},"1":{"name":"(anonymous_1)","decl":{"start":{"line":23,"column":22},"end":{"line":23,"column":23}},"loc":{"start":{"line":23,"column":42},"end":{"line":36,"column":1}},"line":23}},"branchMap":{"0":{"loc":{"start":{"line":31,"column":2},"end":{"line":35,"column":3}},"type":"if","locations":[{"start":{"line":31,"column":2},"end":{"line":35,"column":3}},{"start":{"line":33,"column":9},"end":{"line":35,"column":3}}],"line":31}},"s":{"0":2,"1":2,"2":2,"3":2,"4":2,"5":1,"6":1,"7":1,"8":1,"9":0,"10":0,"11":2,"12":0,"13":0,"14":0,"15":0,"16":0,"17":0,"18":2},"f":{"0":1,"1":0},"b":{"0":[0,0]},"_coverageSchema":"1a1c01bbd47fc00a2c39e90264f33305004495a9","hash":"c3e5bd9a186318f14831b7988308c2edf0811c83"}
}
