TN:
SF:app.js
FN:16,(anonymous_0)
FN:23,(anonymous_1)
FNF:2
FNH:1
FNDA:1,(anonymous_0)
FNDA:0,(anonymous_1)
DA:1,1
DA:2,1
DA:3,1
DA:4,1
DA:5,1
DA:7,1
DA:9,1
DA:10,1
DA:12,1
DA:13,1
DA:14,1
DA:16,1
DA:17,1
DA:20,1
DA:22,1
DA:23,0
DA:24,0
LF:17
LH:15
BRDA:7,0,0,1
BRDA:7,0,1,1
BRDA:22,1,0,0
BRDA:22,1,1,1
BRF:4
BRH:3
end_of_record
TN:
SF:routes\posts.js
FN:12,(anonymous_0)
FN:23,(anonymous_1)
FN:37,(anonymous_2)
FN:62,(anonymous_3)
FN:82,(anonymous_4)
FNF:5
FNH:5
FNDA:1,(anonymous_0)
FNDA:1,(anonymous_1)
FNDA:2,(anonymous_2)
FNDA:2,(anonymous_3)
FNDA:2,(anonymous_4)
DA:1,2
DA:2,2
DA:3,2
DA:5,2
DA:12,2
DA:13,1
DA:14,1
DA:15,1
DA:16,1
DA:18,0
DA:19,0
DA:23,2
DA:24,1
DA:25,1
DA:26,1
DA:30,1
DA:32,0
DA:33,0
DA:37,2
DA:38,2
DA:39,2
DA:42,2
DA:43,1
DA:46,1
DA:47,1
DA:51,1
DA:52,0
DA:55,1
DA:57,0
DA:58,0
DA:62,2
DA:63,2
DA:64,2
DA:65,2
DA:69,2
DA:71,2
DA:72,1
DA:75,1
DA:77,0
DA:78,0
DA:82,2
DA:83,2
DA:84,2
DA:85,2
DA:86,2
DA:87,2
DA:92,2
DA:93,1
DA:96,1
DA:98,0
DA:99,0
DA:103,2
LF:52
LH:41
BRDA:42,0,0,1
BRDA:42,0,1,1
BRDA:42,1,0,2
BRDA:42,1,1,2
BRDA:42,1,2,1
BRDA:42,1,3,1
BRDA:51,2,0,0
BRDA:51,2,1,1
BRDA:71,3,0,1
BRDA:71,3,1,1
BRDA:92,4,0,1
BRDA:92,4,1,1
BRF:12
BRH:11
end_of_record
TN:
SF:routes\users.js
FN:12,(anonymous_0)
FN:23,(anonymous_1)
FNF:2
FNH:1
FNDA:1,(anonymous_0)
FNDA:0,(anonymous_1)
DA:1,2
DA:2,2
DA:3,2
DA:5,2
DA:12,2
DA:13,1
DA:14,1
DA:15,1
DA:16,1
DA:18,0
DA:19,0
DA:23,2
DA:24,0
DA:25,0
DA:26,0
DA:31,0
DA:32,0
DA:34,0
DA:38,2
LF:19
LH:11
BRDA:31,0,0,0
BRDA:31,0,1,0
BRF:2
BRH:0
end_of_record
